<?xml version="1.0" encoding="UTF-8"?>
<!-- Generated by org.testng.reporters.JUnitReportReporter -->
<testsuite hostname="DESKTOP-FSPGNRN" failures="0" tests="1" name="listener.LoginApp" time="8.315" errors="0" timestamp="2025-03-26T23:38:35 IST" skipped="0">
  <testcase classname="listener.LoginApp" name="login" time="8.315"/>
</testsuite> <!-- listener.LoginApp -->
