<?xml version="1.0" encoding="UTF-8"?>
<!-- Generated by org.testng.reporters.JUnitReportReporter -->
<testsuite hostname="DESKTOP-FSPGNRN" failures="0" tests="1" name="listener.LogoutApp" time="7.767" errors="0" timestamp="2025-03-26T23:38:35 IST" skipped="0">
  <testcase classname="listener.LogoutApp" name="logout" time="7.767"/>
</testsuite> <!-- listener.LogoutApp -->
