<?xml version="1.0" encoding="UTF-8"?>
<!-- Generated by org.testng.reporters.JUnitReportReporter -->
<testsuite hostname="DESKTOP-FSPGNRN" failures="0" tests="1" name="concurrent.SecondTest" time="19.763" errors="0" timestamp="2025-03-26T22:30:49 IST" skipped="0">
  <testcase classname="concurrent.SecondTest" name="crossBrowserSecond" time="19.763"/>
</testsuite> <!-- concurrent.SecondTest -->
