<?xml version="1.0" encoding="UTF-8"?>
<!-- Generated by org.testng.reporters.JUnitReportReporter -->
<testsuite hostname="DESKTOP-FSPGNRN" failures="0" tests="1" name="concurrent.ThirdTest" time="17.922" errors="0" timestamp="2025-03-26T22:30:49 IST" skipped="0">
  <testcase classname="concurrent.ThirdTest" name="crossBrowserThird" time="17.922"/>
</testsuite> <!-- concurrent.ThirdTest -->
