<?xml version="1.0" encoding="UTF-8"?>
<!-- Generated by org.testng.reporters.JUnitReportReporter -->
<testsuite hostname="DESKTOP-FSPGNRN" failures="0" tests="1" name="concurrent.SecondTest" time="29.136" errors="0" timestamp="2025-03-26T23:34:09 IST" skipped="0">
  <testcase classname="concurrent.SecondTest" name="crossBrowserSecond" time="29.136"/>
</testsuite> <!-- concurrent.SecondTest -->
