<?xml version="1.0" encoding="UTF-8"?>
<!-- Generated by org.testng.reporters.JUnitReportReporter -->
<testsuite hostname="DESKTOP-FSPGNRN" failures="0" tests="3" name="crossbrowser.CrossBrowserTest" time="78.303" errors="0" timestamp="2025-03-26T23:36:48 IST" skipped="0">
  <testcase classname="crossbrowser.CrossBrowserTest" name="crossBrowser" time="19.351"/>
  <testcase classname="crossbrowser.CrossBrowserTest" name="crossBrowser" time="27.795"/>
  <testcase classname="crossbrowser.CrossBrowserTest" name="crossBrowser" time="31.157"/>
</testsuite> <!-- crossbrowser.CrossBrowserTest -->
