<?xml version="1.0" encoding="UTF-8"?>
<!-- Generated by org.testng.reporters.JUnitReportReporter -->
<testsuite hostname="DESKTOP-FSPGNRN" failures="0" tests="1" name="listener.OpenApp" time="8.361" errors="0" timestamp="2025-03-26T23:04:10 IST" skipped="0">
  <testcase classname="listener.OpenApp" name="openApp" time="8.361"/>
</testsuite> <!-- listener.OpenApp -->
