<?xml version="1.0" encoding="UTF-8"?>
<!-- Generated by org.testng.reporters.JUnitReportReporter -->
<testsuite hostname="DESKTOP-FSPGNRN" failures="0" tests="3" name="crossbrowser.CrossBrowserTest" time="60.360" errors="0" timestamp="2025-03-26T22:23:35 IST" skipped="0">
  <testcase classname="crossbrowser.CrossBrowserTest" name="crossBrowser" time="21.972"/>
  <testcase classname="crossbrowser.CrossBrowserTest" name="crossBrowser" time="10.647"/>
  <testcase classname="crossbrowser.CrossBrowserTest" name="crossBrowser" time="27.741"/>
</testsuite> <!-- crossbrowser.CrossBrowserTest -->
