<?xml version="1.0" encoding="UTF-8"?>
<!-- Generated by org.testng.reporters.JUnitReportReporter -->
<testsuite hostname="DESKTOP-FSPGNRN" failures="0" tests="1" name="links.BrokenLinks" time="8.521" errors="0" timestamp="2025-03-26T21:09:31 IST" skipped="0">
  <testcase classname="links.BrokenLinks" name="testBrokenLinks" time="8.521"/>
</testsuite> <!-- links.BrokenLinks -->
